c:\users\lukasz\desktop\game\rpg\rpg\debug\vc141.pdb
c:\users\lukasz\desktop\game\rpg\rpg\debug\vc141.idb
c:\users\lukasz\desktop\game\rpg\rpg\debug\collisionrectangle.obj
c:\users\lukasz\desktop\game\rpg\rpg\debug\environment.obj
c:\users\lukasz\desktop\game\rpg\rpg\debug\main.obj
c:\users\lukasz\desktop\game\rpg\rpg\debug\maincharacter.obj
c:\users\lukasz\desktop\game\rpg\rpg\debug\properties.obj
c:\users\lukasz\desktop\game\rpg\rpg\debug\propertiesparser.obj
c:\users\lukasz\desktop\game\rpg\rpg\debug\propertiesutils.obj
c:\users\lukasz\desktop\game\rpg\rpg\debug\rpg.obj
c:\users\lukasz\desktop\game\rpg\rpg\debug\sdl_setup.obj
c:\users\lukasz\desktop\game\rpg\rpg\debug\sprite.obj
c:\users\lukasz\desktop\game\rpg\rpg\debug\tree.obj
c:\users\lukasz\desktop\game\rpg\rpg\debug\camera.obj
c:\users\lukasz\desktop\game\rpg\rpg\debug\character.obj
c:\users\lukasz\desktop\game\rpg\debug\rpg.exe
c:\users\lukasz\desktop\game\rpg\debug\rpg.ilk
c:\users\lukasz\desktop\game\rpg\debug\rpg.pdb
c:\users\lukasz\desktop\game\rpg\debug\rpg.lib
c:\users\lukasz\desktop\game\rpg\debug\rpg.exp
c:\users\lukasz\desktop\game\rpg\rpg\debug\main.obj.enc
c:\users\lukasz\desktop\game\rpg\rpg\debug\rpg.tlog\cl.command.1.tlog
c:\users\lukasz\desktop\game\rpg\rpg\debug\rpg.tlog\cl.read.1.tlog
c:\users\lukasz\desktop\game\rpg\rpg\debug\rpg.tlog\cl.write.1.tlog
c:\users\lukasz\desktop\game\rpg\rpg\debug\rpg.tlog\link.command.1.tlog
c:\users\lukasz\desktop\game\rpg\rpg\debug\rpg.tlog\link.read.1.tlog
c:\users\lukasz\desktop\game\rpg\rpg\debug\rpg.tlog\link.write.1.tlog
c:\users\lukasz\desktop\game\rpg\rpg\debug\rpg.tlog\rpg.write.1u.tlog
